Checking src/bundle.cpp ...
1/11 files checked 9% done
Checking src/extrinsics.cpp ...
2/11 files checked 21% done
Checking src/extrinsicsdlt.cpp ...
3/11 files checked 25% done
Checking src/handeye.cpp ...
4/11 files checked 29% done
Checking src/handeyedlt.cpp ...
5/11 files checked 37% done
Checking src/homography.cpp ...
6/11 files checked 47% done
Checking src/intrinsics.cpp ...
7/11 files checked 54% done
Checking src/intrinsicsdlt.cpp ...
8/11 files checked 65% done
Checking src/intrinsicssemidlt.cpp ...
9/11 files checked 76% done
Checking src/linescan.cpp ...
10/11 files checked 88% done
Checking src/planarpose.cpp ...
11/11 files checked 100% done
